\BOOKMARK [1][-]{section.1}{\376\377\000I\000n\000t\000r\000o\000d\000u\000c\000t\000i\000o\000n}{}% 1
\BOOKMARK [1][-]{section.2}{\376\377\000T\000h\000e\000\040\000M\000e\000r\000o\000i\000t\000i\000c\000\040\000W\000r\000i\000t\000i\000n\000g\000\040\000S\000y\000s\000t\000e\000m}{}% 2
\BOOKMARK [2][-]{subsection.2.1}{\376\377\000P\000h\000o\000n\000o\000l\000o\000g\000i\000c\000a\000l\000\040\000S\000y\000s\000t\000e\000m}{section.2}% 3
\BOOKMARK [1][-]{section.3}{\376\377\000K\000n\000o\000w\000n\000\040\000M\000e\000r\000o\000i\000t\000i\000c\000\040\000V\000o\000c\000a\000b\000u\000l\000a\000r\000y}{}% 4
\BOOKMARK [1][-]{section.4}{\376\377\000G\000r\000a\000m\000m\000a\000t\000i\000c\000a\000l\000\040\000F\000r\000a\000m\000e\000w\000o\000r\000k}{}% 5
\BOOKMARK [2][-]{subsection.4.1}{\376\377\000M\000o\000r\000p\000h\000o\000l\000o\000g\000i\000c\000a\000l\000\040\000S\000y\000s\000t\000e\000m}{section.4}% 6
\BOOKMARK [2][-]{subsection.4.2}{\376\377\000S\000y\000n\000t\000a\000c\000t\000i\000c\000\040\000S\000t\000r\000u\000c\000t\000u\000r\000e}{section.4}% 7
\BOOKMARK [2][-]{subsection.4.3}{\376\377\000T\000e\000x\000t\000u\000a\000l\000\040\000G\000e\000n\000r\000e\000s}{section.4}% 8
\BOOKMARK [1][-]{section.5}{\376\377\000C\000o\000m\000p\000u\000t\000a\000t\000i\000o\000n\000a\000l\000\040\000M\000e\000t\000h\000o\000d\000o\000l\000o\000g\000y}{}% 9
\BOOKMARK [2][-]{subsection.5.1}{\376\377\000S\000y\000s\000t\000e\000m\000\040\000A\000r\000c\000h\000i\000t\000e\000c\000t\000u\000r\000e}{section.5}% 10
\BOOKMARK [2][-]{subsection.5.2}{\376\377\000S\000i\000x\000-\000L\000a\000y\000e\000r\000\040\000O\000u\000t\000p\000u\000t}{section.5}% 11
\BOOKMARK [2][-]{subsection.5.3}{\376\377\000C\000o\000n\000f\000i\000d\000e\000n\000c\000e\000\040\000S\000c\000o\000r\000i\000n\000g}{section.5}% 12
\BOOKMARK [1][-]{section.6}{\376\377\000T\000h\000e\000\040\000S\000t\000e\000l\000e\000\040\000o\000f\000\040\000K\000i\000n\000g\000\040\000T\000a\000n\000y\000i\000d\000a\000m\000a\000n\000i\000\040\000\050\000R\000E\000M\0001\0000\0004\0004\000\051}{}% 13
\BOOKMARK [2][-]{subsection.6.1}{\376\377\000D\000e\000s\000c\000r\000i\000p\000t\000i\000o\000n\000\040\000a\000n\000d\000\040\000H\000i\000s\000t\000o\000r\000i\000c\000a\000l\000\040\000C\000o\000n\000t\000e\000x\000t}{section.6}% 14
\BOOKMARK [2][-]{subsection.6.2}{\376\377\000R\000e\000c\000o\000n\000s\000t\000r\000u\000c\000t\000i\000o\000n\000\040\000M\000e\000t\000h\000o\000d\000o\000l\000o\000g\000y}{section.6}% 15
\BOOKMARK [2][-]{subsection.6.3}{\376\377\000M\000u\000l\000t\000i\000-\000L\000a\000y\000e\000r\000\040\000A\000n\000a\000l\000y\000s\000i\000s\000\040\000o\000f\000\040\000R\000e\000c\000o\000n\000s\000t\000r\000u\000c\000t\000e\000d\000\040\000S\000e\000c\000t\000i\000o\000n\000s}{section.6}% 16
\BOOKMARK [1][-]{section.7}{\376\377\000C\000o\000m\000p\000o\000s\000i\000t\000e\000\040\000T\000r\000a\000n\000s\000l\000a\000t\000i\000o\000n}{}% 17
\BOOKMARK [1][-]{section.8}{\376\377\000S\000y\000n\000t\000h\000e\000t\000i\000c\000\040\000C\000o\000r\000p\000u\000s\000\040\000A\000n\000a\000l\000y\000s\000i\000s\000:\000\040\000S\000e\000l\000e\000c\000t\000e\000d\000\040\000E\000x\000a\000m\000p\000l\000e\000s}{}% 18
\BOOKMARK [1][-]{section.9}{\376\377\000C\000r\000o\000s\000s\000-\000C\000o\000r\000p\000u\000s\000\040\000C\000o\000n\000s\000i\000s\000t\000e\000n\000c\000y\000\040\000V\000a\000l\000i\000d\000a\000t\000i\000o\000n}{}% 19
\BOOKMARK [2][-]{subsection.9.1}{\376\377\000C\000r\000o\000s\000s\000-\000C\000o\000r\000p\000u\000s\000\040\000L\000e\000x\000i\000c\000a\000l\000\040\000C\000o\000n\000s\000i\000s\000t\000e\000n\000c\000y}{section.9}% 20
\BOOKMARK [1][-]{section.10}{\376\377\000A\000d\000v\000a\000n\000c\000e\000d\000\040\000A\000n\000a\000l\000y\000t\000i\000c\000a\000l\000\040\000M\000e\000t\000h\000o\000d\000s\000\040\000\050\000v\0003\000.\0000\000\051}{}% 21
\BOOKMARK [2][-]{subsection.10.1}{\376\377\000E\000x\000p\000a\000n\000d\000e\000d\000\040\000N\000i\000l\000o\000-\000S\000a\000h\000a\000r\000a\000n\000\040\000C\000o\000m\000p\000a\000r\000a\000t\000i\000v\000e\000\040\000L\000e\000x\000i\000c\000o\000n}{section.10}% 22
\BOOKMARK [2][-]{subsection.10.2}{\376\377\000M\000o\000r\000p\000h\000o\000s\000y\000n\000t\000a\000c\000t\000i\000c\000\040\000M\000o\000d\000e\000l\000i\000n\000g}{section.10}% 23
\BOOKMARK [2][-]{subsection.10.3}{\376\377\000G\000e\000n\000r\000e\000-\000B\000a\000s\000e\000d\000\040\000T\000e\000m\000p\000l\000a\000t\000e\000\040\000R\000e\000f\000i\000n\000e\000m\000e\000n\000t}{section.10}% 24
\BOOKMARK [2][-]{subsection.10.4}{\376\377\000C\000o\000r\000p\000u\000s\000\040\000I\000n\000g\000e\000s\000t\000i\000o\000n\000\040\000\046\000\040\000I\000t\000e\000r\000a\000t\000i\000v\000e\000\040\000C\000o\000n\000f\000i\000d\000e\000n\000c\000e\000\040\000U\000p\000d\000a\000t\000i\000n\000g}{section.10}% 25
\BOOKMARK [1][-]{section.11}{\376\377\000F\000i\000v\000e\000-\000S\000t\000r\000a\000t\000e\000g\000y\000\040\000D\000e\000c\000i\000p\000h\000e\000r\000m\000e\000n\000t\000\040\000F\000r\000a\000m\000e\000w\000o\000r\000k\000\040\000\050\000v\0004\000.\0000\000\051}{}% 26
\BOOKMARK [2][-]{subsection.11.1}{\376\377\000S\000t\000r\000a\000t\000e\000g\000y\000\040\0001\000:\000\040\000E\000x\000p\000a\000n\000d\000e\000d\000\040\000N\000o\000r\000t\000h\000e\000r\000n\000\040\000E\000a\000s\000t\000\040\000S\000u\000d\000a\000n\000i\000c\000\040\000C\000o\000m\000p\000a\000r\000a\000t\000i\000v\000e\000\040\000L\000e\000x\000i\000c\000o\000n}{section.11}% 27
\BOOKMARK [2][-]{subsection.11.2}{\376\377\000S\000t\000r\000a\000t\000e\000g\000y\000\040\0002\000:\000\040\000B\000i\000l\000i\000n\000g\000u\000a\000l\000\040\000\046\000\040\000P\000a\000r\000a\000l\000l\000e\000l\000\040\000T\000e\000x\000t\000\040\000A\000n\000c\000h\000o\000r\000i\000n\000g}{section.11}% 28
\BOOKMARK [2][-]{subsection.11.3}{\376\377\000S\000t\000r\000a\000t\000e\000g\000y\000\040\0003\000:\000\040\000L\000o\000a\000n\000w\000o\000r\000d\000\040\000\046\000\040\000C\000o\000n\000t\000a\000c\000t\000\040\000A\000n\000a\000l\000y\000s\000i\000s}{section.11}% 29
\BOOKMARK [2][-]{subsection.11.4}{\376\377\000S\000t\000r\000a\000t\000e\000g\000y\000\040\0004\000:\000\040\000S\000t\000a\000t\000i\000s\000t\000i\000c\000a\000l\000\040\000C\000r\000y\000p\000t\000a\000n\000a\000l\000y\000s\000i\000s}{section.11}% 30
\BOOKMARK [2][-]{subsection.11.5}{\376\377\000S\000t\000r\000a\000t\000e\000g\000y\000\040\0005\000:\000\040\000B\000r\000u\000t\000e\000-\000F\000o\000r\000c\000e\000\040\000C\000o\000m\000b\000i\000n\000a\000t\000i\000o\000n\000\040\000L\000o\000c\000k}{section.11}% 31
\BOOKMARK [1][-]{section.12}{\376\377\000B\000a\000y\000e\000s\000i\000a\000n\000\040\000M\000u\000l\000t\000i\000-\000S\000o\000u\000r\000c\000e\000\040\000I\000n\000t\000e\000g\000r\000a\000t\000i\000o\000n\000\040\000\050\000v\0005\000.\0000\000\051}{}% 32
\BOOKMARK [2][-]{subsection.12.1}{\376\377\000D\000i\000s\000t\000r\000i\000b\000u\000t\000i\000o\000n\000a\000l\000\040\000S\000e\000m\000a\000n\000t\000i\000c\000s\000\040\000E\000n\000g\000i\000n\000e}{section.12}% 33
\BOOKMARK [2][-]{subsection.12.2}{\376\377\000P\000r\000o\000t\000o\000-\000N\000E\000S\000\040\000C\000o\000m\000p\000a\000r\000a\000t\000i\000v\000e\000\040\000R\000e\000c\000o\000n\000s\000t\000r\000u\000c\000t\000i\000o\000n}{section.12}% 34
\BOOKMARK [2][-]{subsection.12.3}{\376\377\000B\000a\000y\000e\000s\000i\000a\000n\000\040\000M\000u\000l\000t\000i\000-\000S\000o\000u\000r\000c\000e\000\040\000I\000n\000t\000e\000g\000r\000a\000t\000i\000o\000n}{section.12}% 35
\BOOKMARK [2][-]{subsection.12.4}{\376\377\000C\000o\000m\000p\000i\000l\000e\000d\000\040\000N\000e\000w\000\040\000V\000o\000c\000a\000b\000u\000l\000a\000r\000y\000\040\000P\000r\000o\000p\000o\000s\000a\000l\000s}{section.12}% 36
\BOOKMARK [1][-]{section.13}{\376\377\000H\000e\000a\000v\000y\000-\000C\000o\000m\000p\000u\000t\000e\000\040\000E\000x\000h\000a\000u\000s\000t\000i\000v\000e\000\040\000D\000e\000c\000i\000p\000h\000e\000r\000m\000e\000n\000t\000\040\000\050\000v\0006\000.\0000\000\051}{}% 37
\BOOKMARK [1][-]{section.14}{\376\377\000I\000t\000e\000r\000a\000t\000i\000v\000e\000\040\000P\000u\000z\000z\000l\000e\000-\000S\000o\000l\000v\000e\000r\000\040\000E\000n\000g\000i\000n\000e\000\040\000\050\000v\0007\000.\0000\000/\000v\0008\000.\0000\000\051}{}% 38
\BOOKMARK [2][-]{subsection.14.1}{\376\377\000N\000o\000n\000-\000R\000e\000p\000e\000a\000t\000i\000n\000g\000\040\000B\000r\000u\000t\000e\000-\000F\000o\000r\000c\000e\000\040\000E\000x\000p\000l\000o\000r\000a\000t\000i\000o\000n}{section.14}% 39
\BOOKMARK [2][-]{subsection.14.2}{\376\377\000C\000r\000o\000s\000s\000-\000L\000i\000n\000g\000u\000i\000s\000t\000i\000c\000\040\000P\000h\000o\000n\000o\000s\000e\000m\000a\000n\000t\000i\000c\000\040\000P\000a\000t\000t\000e\000r\000n\000s}{section.14}% 40
\BOOKMARK [2][-]{subsection.14.3}{\376\377\000C\000o\000n\000t\000e\000x\000t\000u\000a\000l\000\040\000G\000e\000n\000r\000e\000-\000B\000a\000s\000e\000d\000\040\000E\000l\000i\000m\000i\000n\000a\000t\000i\000o\000n}{section.14}% 41
\BOOKMARK [2][-]{subsection.14.4}{\376\377\000B\000a\000y\000e\000s\000i\000a\000n\000\040\000P\000o\000s\000t\000e\000r\000i\000o\000r\000\040\000S\000c\000o\000r\000i\000n\000g\000\040\000\050\000H\000o\000n\000e\000s\000t\000\040\000F\000o\000r\000m\000u\000l\000a\000t\000i\000o\000n\000\051}{section.14}% 42
\BOOKMARK [2][-]{subsection.14.5}{\376\377\000T\000a\000n\000y\000i\000d\000a\000m\000a\000n\000i\000\040\000B\000e\000n\000c\000h\000m\000a\000r\000k}{section.14}% 43
\BOOKMARK [2][-]{subsection.14.6}{\376\377\000v\0008\000.\0000\000\040\000H\000o\000n\000e\000s\000t\000\040\000A\000s\000s\000e\000s\000s\000m\000e\000n\000t}{section.14}% 44
\BOOKMARK [2][-]{subsection.14.7}{\376\377\000G\000e\000n\000u\000i\000n\000e\000\040\000A\000c\000h\000i\000e\000v\000e\000m\000e\000n\000t\000s\000\040\000a\000n\000d\000\040\000H\000o\000n\000e\000s\000t\000\040\000L\000i\000m\000i\000t\000a\000t\000i\000o\000n\000s}{section.14}% 45
\BOOKMARK [2][-]{subsection.14.8}{\376\377\000C\000o\000m\000p\000a\000r\000a\000t\000i\000v\000e\000\040\000E\000v\000i\000d\000e\000n\000c\000e}{section.14}% 46
\BOOKMARK [2][-]{subsection.14.9}{\376\377\000T\000h\000e\000\040\000M\000i\000l\000i\000t\000a\000r\000y\000\040\000N\000a\000r\000r\000a\000t\000i\000v\000e\000\040\000o\000f\000\040\000R\000E\000M\0001\0000\0004\0004}{section.14}% 47
\BOOKMARK [1][-]{section.15}{\376\377\000C\000o\000n\000c\000l\000u\000s\000i\000o\000n}{}% 48
\BOOKMARK [1][-]{Item.30}{\376\377\000R\000e\000f\000e\000r\000e\000n\000c\000e\000s}{}% 49
